platforms/android/app/build/outputs/logs/manifest-merger-release-report.txt
-- Merging decision tree log ---
provider#org.apache.cordova.camera.FileProvider
INJECTED from src\main\AndroidManifest.xml:13:9-15:20
	android:grantUriPermissions
		ADDED from src\main\AndroidManifest.xml:13:92-126
	android:authorities
		INJECTED from src\main\AndroidManifest.xml
		ADDED from src\main\AndroidManifest.xml:13:19-66
	android:exported
		ADDED from src\main\AndroidManifest.xml:13:67-91
	android:name
		ADDED from src\main\AndroidManifest.xml:13:127-180
provider#nl.xservices.plugins.FileProvider
INJECTED from src\main\AndroidManifest.xml:22:9-24:20
	android:grantUriPermissions
		ADDED from src\main\AndroidManifest.xml:22:100-134
	android:authorities
		INJECTED from src\main\AndroidManifest.xml
		ADDED from src\main\AndroidManifest.xml:22:19-74
	android:exported
		ADDED from src\main\AndroidManifest.xml:22:75-99
	android:name
		ADDED from src\main\AndroidManifest.xml:22:135-183
manifest
ADDED from src\main\AndroidManifest.xml:2:1-32:12
INJECTED from src\main\AndroidManifest.xml:2:1-32:12
INJECTED from src\main\AndroidManifest.xml:2:1-32:12
INJECTED from src\main\AndroidManifest.xml:2:1-32:12
MERGED from [com.commit451:PhotoView:1.2.4] AndroidManifest.xml:2:1-12:12
MERGED from [com.android.support:support-v4:24.1.1] AndroidManifest.xml:17:1-27:12
MERGED from [:CordovaLib] AndroidManifest.xml:20:1-27:12
INJECTED from src\main\AndroidManifest.xml:2:1-32:12
INJECTED from src\main\AndroidManifest.xml:2:1-32:12
INJECTED from src\main\AndroidManifest.xml:2:1-32:12
	package
		ADDED from src\main\AndroidManifest.xml:2:102-136
		INJECTED from src\main\AndroidManifest.xml
		INJECTED from src\main\AndroidManifest.xml
	android:versionName
		ADDED from src\main\AndroidManifest.xml:2:74-101
		INJECTED from src\main\AndroidManifest.xml
		INJECTED from src\main\AndroidManifest.xml
	android:hardwareAccelerated
		ADDED from src\main\AndroidManifest.xml:2:11-45
	xmlns:android
		ADDED from src\main\AndroidManifest.xml:2:137-195
	android:versionCode
		ADDED from src\main\AndroidManifest.xml:2:46-73
		INJECTED from src\main\AndroidManifest.xml
		INJECTED from src\main\AndroidManifest.xml
supports-screens
ADDED from src\main\AndroidManifest.xml:3:5-191
	android:largeScreens
		ADDED from src\main\AndroidManifest.xml:3:49-76
	android:smallScreens
		ADDED from src\main\AndroidManifest.xml:3:132-159
	android:normalScreens
		ADDED from src\main\AndroidManifest.xml:3:77-105
	android:xlargeScreens
		ADDED from src\main\AndroidManifest.xml:3:160-188
	android:resizeable
		ADDED from src\main\AndroidManifest.xml:3:106-131
	android:anyDensity
		ADDED from src\main\AndroidManifest.xml:3:23-48
uses-permission#android.permission.INTERNET
ADDED from src\main\AndroidManifest.xml:4:5-67
	android:name
		ADDED from src\main\AndroidManifest.xml:4:22-64
application
ADDED from src\main\AndroidManifest.xml:5:5-25:19
MERGED from [com.android.support:support-v4:24.1.1] AndroidManifest.xml:25:5-20
MERGED from [com.android.support:support-v4:24.1.1] AndroidManifest.xml:25:5-20
	android:supportsRtl
		ADDED from src\main\AndroidManifest.xml:5:114-140
	android:label
		ADDED from src\main\AndroidManifest.xml:5:81-113
	android:hardwareAccelerated
		ADDED from src\main\AndroidManifest.xml:5:18-52
	android:icon
		ADDED from src\main\AndroidManifest.xml:5:53-80
activity#com.i3esportes.simulador.MainActivity
ADDED from src\main\AndroidManifest.xml:6:9-11:20
	android:screenOrientation
		ADDED from src\main\AndroidManifest.xml:6:194-230
	android:label
		ADDED from src\main\AndroidManifest.xml:6:97-134
	android:launchMode
		ADDED from src\main\AndroidManifest.xml:6:135-165
	android:windowSoftInputMode
		ADDED from src\main\AndroidManifest.xml:6:294-336
	android:configChanges
		ADDED from src\main\AndroidManifest.xml:6:19-96
	android:theme
		ADDED from src\main\AndroidManifest.xml:6:231-293
	android:name
		ADDED from src\main\AndroidManifest.xml:6:166-193
intent-filter#android.intent.action.MAIN+android.intent.category.LAUNCHER
ADDED from src\main\AndroidManifest.xml:7:13-10:29
	android:label
		ADDED from src\main\AndroidManifest.xml:7:28-65
action#android.intent.action.MAIN
ADDED from src\main\AndroidManifest.xml:8:17-69
	android:name
		ADDED from src\main\AndroidManifest.xml:8:25-66
category#android.intent.category.LAUNCHER
ADDED from src\main\AndroidManifest.xml:9:17-77
	android:name
		ADDED from src\main\AndroidManifest.xml:9:27-74
activity#com.sarriaroman.PhotoViewer.PhotoActivity
ADDED from src\main\AndroidManifest.xml:12:9-143
	android:theme
		ADDED from src\main\AndroidManifest.xml:12:76-140
	android:name
		ADDED from src\main\AndroidManifest.xml:12:19-75
activity#de.appplant.cordova.plugin.printer.ui.SelectPrinterActivity
ADDED from src\main\AndroidManifest.xml:16:9-145
	android:label
		ADDED from src\main\AndroidManifest.xml:16:44-67
	android:exported
		ADDED from src\main\AndroidManifest.xml:16:19-43
	android:name
		ADDED from src\main\AndroidManifest.xml:16:68-142
receiver#nl.xservices.plugins.ShareChooserPendingIntent
ADDED from src\main\AndroidManifest.xml:17:9-21:20
	android:enabled
		ADDED from src\main\AndroidManifest.xml:17:19-41
	android:name
		ADDED from src\main\AndroidManifest.xml:17:42-103
intent-filter#android.intent.action.SEND
ADDED from src\main\AndroidManifest.xml:18:13-20:29
action#android.intent.action.SEND
ADDED from src\main\AndroidManifest.xml:19:17-69
	android:name
		ADDED from src\main\AndroidManifest.xml:19:25-66
uses-sdk
ADDED from src\main\AndroidManifest.xml:26:5-74
MERGED from [com.commit451:PhotoView:1.2.4] AndroidManifest.xml:8:5-10:41
MERGED from [com.commit451:PhotoView:1.2.4] AndroidManifest.xml:8:5-10:41
MERGED from [com.android.support:support-v4:24.1.1] AndroidManifest.xml:21:5-23:54
MERGED from [com.android.support:support-v4:24.1.1] AndroidManifest.xml:21:5-23:54
MERGED from [:CordovaLib] AndroidManifest.xml:25:5-44
MERGED from [:CordovaLib] AndroidManifest.xml:25:5-44
	tools:overrideLibrary
		ADDED from [com.android.support:support-v4:24.1.1] AndroidManifest.xml:23:9-51
	android:targetSdkVersion
		ADDED from src\main\AndroidManifest.xml:26:42-71
	android:minSdkVersion
		ADDED from src\main\AndroidManifest.xml:26:15-41
uses-permission#android.permission.WRITE_EXTERNAL_STORAGE
ADDED from src\main\AndroidManifest.xml:27:5-81
	android:name
		ADDED from src\main\AndroidManifest.xml:27:22-78
uses-permission#android.permission.READ_EXTERNAL_STORAGE
ADDED from src\main\AndroidManifest.xml:28:5-80
	android:name
		ADDED from src\main\AndroidManifest.xml:28:22-77
uses-permission#android.permission.BLUETOOTH
ADDED from src\main\AndroidManifest.xml:29:5-68
	android:name
		ADDED from src\main\AndroidManifest.xml:29:22-65
uses-permission#android.permission.BLUETOOTH_ADMIN
ADDED from src\main\AndroidManifest.xml:30:5-74
	android:name
		ADDED from src\main\AndroidManifest.xml:30:22-71
uses-permission#android.permission.ACCESS_COARSE_LOCATION
ADDED from src\main\AndroidManifest.xml:31:5-81
	android:name
		ADDED from src\main\AndroidManifest.xml:31:22-78
meta-data#android.support.FILE_PROVIDER_PATHS
ADDED from src\main\AndroidManifest.xml:14:13-123
	android:resource
		ADDED from src\main\AndroidManifest.xml:14:75-120
	android:name
		ADDED from src\main\AndroidManifest.xml:14:24-74